==========================================
SCAN AUTOMATIQUE - Sat Nov  8 08:06:49 PM UTC 2025
==========================================
============================================================
  IMPORT DES COTES - MON_PS
  2025-11-08 20:06:50
============================================================
🔍 Récupération des cotes pour soccer_epl...
✅ 26 matchs récupérés
💾 Insertion de 2418 cotes...
✅ 2418 cotes insérées/mises à jour
============================================================
  TERMINÉ
============================================================

Scan terminé à Sat Nov  8 08:06:50 PM UTC 2025
==========================================
==========================================
SCAN AUTOMATIQUE - Sat Nov  8 10:00:01 PM UTC 2025
==========================================
============================================================
  IMPORT DES COTES - MON_PS
  2025-11-08 22:00:01
============================================================
🔍 Récupération des cotes pour soccer_epl...
✅ 26 matchs récupérés
💾 Insertion de 2297 cotes...
✅ 2297 cotes insérées/mises à jour
============================================================
  TERMINÉ
============================================================

Scan terminé à Sat Nov  8 10:00:03 PM UTC 2025
==========================================
==========================================
SCAN AUTOMATIQUE - Sun Nov  9 12:00:01 AM UTC 2025
==========================================
============================================================
  IMPORT DES COTES - MON_PS
  2025-11-09 00:00:01
============================================================
🔍 Récupération des cotes pour soccer_epl...
❌ Erreur API : 503 Server Error: Service Unavailable for url: https://api.the-odds-api.com/v4/sports/soccer_epl/odds?apiKey=e62b647a1714eafcda7adc07f59cdb0d&regions=eu%2Cus&markets=h2h%2Cspreads%2Ctotals&oddsFormat=decimal
⚠️  Aucune donnée à importer

Scan terminé à Sun Nov  9 12:00:12 AM UTC 2025
==========================================
==========================================
SCAN AUTOMATIQUE - Sun Nov  9 02:00:01 AM UTC 2025
==========================================
============================================================
  IMPORT DES COTES - MON_PS
  2025-11-09 02:00:01
============================================================
🔍 Récupération des cotes pour soccer_epl...
✅ 25 matchs récupérés
💾 Insertion de 2255 cotes...
✅ 2255 cotes insérées/mises à jour
============================================================
  TERMINÉ
============================================================

Scan terminé à Sun Nov  9 02:00:02 AM UTC 2025
==========================================
==========================================
SCAN AUTOMATIQUE - Sun Nov  9 04:00:01 AM UTC 2025
==========================================
============================================================
  IMPORT DES COTES - MON_PS
  2025-11-09 04:00:02
============================================================
🔍 Récupération des cotes pour soccer_epl...
✅ 25 matchs récupérés
💾 Insertion de 2257 cotes...
✅ 2257 cotes insérées/mises à jour
============================================================
  TERMINÉ
============================================================

Scan terminé à Sun Nov  9 04:00:03 AM UTC 2025
==========================================
==========================================
SCAN AUTOMATIQUE - Sun Nov  9 06:00:01 AM UTC 2025
==========================================
============================================================
  IMPORT DES COTES - MON_PS
  2025-11-09 06:00:01
============================================================
🔍 Récupération des cotes pour soccer_epl...
✅ 25 matchs récupérés
💾 Insertion de 2272 cotes...
✅ 2272 cotes insérées/mises à jour
============================================================
  TERMINÉ
============================================================

Scan terminé à Sun Nov  9 06:00:02 AM UTC 2025
==========================================
